<?xml version="1.0" encoding="UTF-8"?>
<testsuite xmlns:xsi="http://www.w3.org/2001/XMLSchema-instance" xsi:schemaLocation="https://maven.apache.org/surefire/maven-surefire-plugin/xsd/surefire-test-report.xsd" name="MULE_EE.4.4.0-20230320.api-scenarios" time="8.255" failures="0" errors="0" skipped="0" tests="1">
  <properties>
    <property key="java.runtime.name" value="OpenJDK Runtime Environment"/>
    <property key="sun.boot.library.path" value="/Library/Java/JavaVirtualMachines/adoptopenjdk-8.jdk/Contents/Home/jre/lib"/>
    <property key="java.vm.version" value="25.292-b10"/>
    <property key="gopherProxySet" value="false"/>
    <property key="maven.multiModuleProjectDirectory" value="/Users/jponte/mulesoft/micorp/repos/mule-micorp-customer-sapi"/>
    <property key="java.vm.vendor" value="AdoptOpenJDK"/>
    <property key="java.vendor.url" value="https://adoptopenjdk.net/"/>
    <property key="guice.disable.misplaced.annotation.check" value="true"/>
    <property key="path.separator" value=":"/>
    <property key="java.vm.name" value="OpenJDK 64-Bit Server VM"/>
    <property key="file.encoding.pkg" value="sun.io"/>
    <property key="user.country" value="US"/>
    <property key="sun.java.launcher" value="SUN_STANDARD"/>
    <property key="sun.os.patch.level" value="unknown"/>
    <property key="java.vm.specification.name" value="Java Virtual Machine Specification"/>
    <property key="user.dir" value="/Users/jponte/mulesoft/micorp/repos/mule-micorp-customer-sapi"/>
    <property key="java.runtime.version" value="1.8.0_292-b10"/>
    <property key="java.awt.graphicsenv" value="sun.awt.CGraphicsEnvironment"/>
    <property key="java.endorsed.dirs" value="/Library/Java/JavaVirtualMachines/adoptopenjdk-8.jdk/Contents/Home/jre/lib/endorsed"/>
    <property key="os.arch" value="x86_64"/>
    <property key="salesforce.consumerkey" value="3MVG99gP.VbJma8Wlu2C246aMscxqW6uf16qBTqgJ_W_83zcxkOHabPMNVQ7Zp9w9erow6j2.ANtwFErPBHS3"/>
    <property key="java.io.tmpdir" value="/var/folders/g_/hdq5gy3x7vgb59rtj_vpcmh80000gn/T/"/>
    <property key="line.separator" value="&#xa;"/>
    <property key="java.vm.specification.vendor" value="Oracle Corporation"/>
    <property key="os.name" value="Mac OS X"/>
    <property key="classworlds.conf" value="/Users/jponte/mulesoft/libraries/maven/apache-maven-3.8.8/bin/m2.conf"/>
    <property key="sun.jnu.encoding" value="UTF-8"/>
    <property key="java.library.path" value="/Users/jponte/Library/Java/Extensions:/Library/Java/Extensions:/Network/Library/Java/Extensions:/System/Library/Java/Extensions:/usr/lib/java:."/>
    <property key="maven.conf" value="/Users/jponte/mulesoft/libraries/maven/apache-maven-3.8.8/conf"/>
    <property key="java.specification.name" value="Java Platform API Specification"/>
    <property key="java.class.version" value="52.0"/>
    <property key="sun.management.compiler" value="HotSpot 64-Bit Tiered Compilers"/>
    <property key="os.version" value="10.16"/>
    <property key="library.jansi.path" value="/Users/jponte/mulesoft/libraries/maven/apache-maven-3.8.8/lib/jansi-native"/>
    <property key="user.home" value="/Users/jponte"/>
    <property key="user.timezone" value="America/Mexico_City"/>
    <property key="java.awt.printerjob" value="sun.lwawt.macosx.CPrinterJob"/>
    <property key="file.encoding" value="UTF-8"/>
    <property key="java.specification.version" value="1.8"/>
    <property key="java.class.path" value="/Users/jponte/mulesoft/libraries/maven/apache-maven-3.8.8/boot/plexus-classworlds-2.6.0.jar"/>
    <property key="user.name" value="jponte"/>
    <property key="java.vm.specification.version" value="1.8"/>
    <property key="sun.java.command" value="org.codehaus.plexus.classworlds.launcher.Launcher package -Dsalesforce.storepassword=micorpintegration -Dsalesforce.principal=micorp.integration@yopmail.com -Dsalesforce.consumerkey=3MVG99gP.VbJma8Wlu2C246aMscxqW6uf16qBTqgJ_W_83zcxkOHabPMNVQ7Zp9w9erow6j2.ANtwFErPBHS3 -Dsalesforce.keystore=keystore.jks"/>
    <property key="java.home" value="/Library/Java/JavaVirtualMachines/adoptopenjdk-8.jdk/Contents/Home/jre"/>
    <property key="sun.arch.data.model" value="64"/>
    <property key="user.language" value="en"/>
    <property key="java.specification.vendor" value="Oracle Corporation"/>
    <property key="awt.toolkit" value="sun.lwawt.macosx.LWCToolkit"/>
    <property key="java.vm.info" value="mixed mode"/>
    <property key="salesforce.principal" value="micorp.integration@yopmail.com"/>
    <property key="java.version" value="1.8.0_292"/>
    <property key="java.ext.dirs" value="/Users/jponte/Library/Java/Extensions:/Library/Java/JavaVirtualMachines/adoptopenjdk-8.jdk/Contents/Home/jre/lib/ext:/Library/Java/Extensions:/Network/Library/Java/Extensions:/System/Library/Java/Extensions:/usr/lib/java"/>
    <property key="sun.boot.class.path" value="/Library/Java/JavaVirtualMachines/adoptopenjdk-8.jdk/Contents/Home/jre/lib/resources.jar:/Library/Java/JavaVirtualMachines/adoptopenjdk-8.jdk/Contents/Home/jre/lib/rt.jar:/Library/Java/JavaVirtualMachines/adoptopenjdk-8.jdk/Contents/Home/jre/lib/sunrsasign.jar:/Library/Java/JavaVirtualMachines/adoptopenjdk-8.jdk/Contents/Home/jre/lib/jsse.jar:/Library/Java/JavaVirtualMachines/adoptopenjdk-8.jdk/Contents/Home/jre/lib/jce.jar:/Library/Java/JavaVirtualMachines/adoptopenjdk-8.jdk/Contents/Home/jre/lib/charsets.jar:/Library/Java/JavaVirtualMachines/adoptopenjdk-8.jdk/Contents/Home/jre/lib/jfr.jar:/Library/Java/JavaVirtualMachines/adoptopenjdk-8.jdk/Contents/Home/jre/classes"/>
    <property key="java.vendor" value="AdoptOpenJDK"/>
    <property key="maven.home" value="/Users/jponte/mulesoft/libraries/maven/apache-maven-3.8.8"/>
    <property key="file.separator" value="/"/>
    <property key="java.vendor.url.bug" value="https://github.com/AdoptOpenJDK/openjdk-support/issues"/>
    <property key="salesforce.keystore" value="keystore.jks"/>
    <property key="sun.io.unicode.encoding" value="UnicodeBig"/>
    <property key="sun.cpu.endian" value="little"/>
    <property key="salesforce.storepassword" value="micorpintegration"/>
    <property key="sun.cpu.isalist" value=""/>
    <property key="munit.system.properties.file" value="/Users/jponte/mulesoft/micorp/repos/mule-micorp-customer-sapi/target/user.system.properties"/>
    <property key="org.glassfish.grizzly.DEFAULT_MEMORY_MANAGER" value="org.glassfish.grizzly.memory.HeapMemoryManager"/>
  </properties>
  <testcase time="8.246" name="api-scenariosTest" classname="MULE_EE.4.4.0-20230320.api-scenarios"/>
</testsuite>